# JRE version: OpenJDK Runtime Environment (11.0.12+7) (build 11.0.12+7-b1504.28-7817840)
# Java VM: OpenJDK 64-Bit Server VM (11.0.12+7-b1504.28-7817840, mixed mode, tiered, compressed oops, g1 gc, windows-amd64)
Heap:
 garbage-first heap   total 973824K, used 172743K [0x0000000080000000, 0x0000000100000000)
  region size 1024K, 3 young (3072K), 3 survivors (3072K)
 Metaspace       used 155480K, capacity 159711K, committed 159912K, reserved 1187840K
  class space    used 19018K, capacity 20640K, committed 20736K, reserved 1048576K
GC Heap History (20 events):
Event: 2903.898 GC heap after
{Heap after GC invocations=92 (full 0):
 garbage-first heap   total 324608K, used 155851K [0x0000000080000000, 0x0000000100000000)
  region size 1024K, 8 young (8192K), 8 survivors (8192K)
 Metaspace       used 143152K, capacity 146161K, committed 147752K, reserved 1177600K
  class space    used 17168K, capacity 18298K, committed 18816K, reserved 1048576K
}
Event: 2903.941 GC heap before
{Heap before GC invocations=92 (full 0):
 garbage-first heap   total 324608K, used 161995K [0x0000000080000000, 0x0000000100000000)
  region size 1024K, 15 young (15360K), 8 survivors (8192K)
 Metaspace       used 143157K, capacity 146161K, committed 147752K, reserved 1177600K
  class space    used 17168K, capacity 18298K, committed 18816K, reserved 1048576K
}
Event: 2903.954 GC heap after
{Heap after GC invocations=93 (full 0):
 garbage-first heap   total 324608K, used 150938K [0x0000000080000000, 0x0000000100000000)
  region size 1024K, 1 young (1024K), 1 survivors (1024K)
 Metaspace       used 143157K, capacity 146161K, committed 147752K, reserved 1177600K
  class space    used 17168K, capacity 18298K, committed 18816K, reserved 1048576K
}
Event: 2904.839 GC heap before
{Heap before GC invocations=93 (full 0):
 garbage-first heap   total 324608K, used 265626K [0x0000000080000000, 0x0000000100000000)
  region size 1024K, 114 young (116736K), 1 survivors (1024K)
 Metaspace       used 143256K, capacity 146248K, committed 147752K, reserved 1177600K
  class space    used 17181K, capacity 18304K, committed 18816K, reserved 1048576K
}
Event: 2904.844 GC heap after
{Heap after GC invocations=94 (full 0):
 garbage-first heap   total 324608K, used 150521K [0x0000000080000000, 0x0000000100000000)
  region size 1024K, 1 young (1024K), 1 survivors (1024K)
 Metaspace       used 143256K, capacity 146248K, committed 147752K, reserved 1177600K
  class space    used 17181K, capacity 18304K, committed 18816K, reserved 1048576K
}
Event: 2908.187 GC heap before
{Heap before GC invocations=94 (full 0):
 garbage-first heap   total 324608K, used 269305K [0x0000000080000000, 0x0000000100000000)
  region size 1024K, 118 young (120832K), 1 survivors (1024K)
 Metaspace       used 146222K, capacity 149440K, committed 150440K, reserved 1181696K
  class space    used 17606K, capacity 18830K, committed 19200K, reserved 1048576K
}
Event: 2908.202 GC heap after
{Heap after GC invocations=95 (full 0):
 garbage-first heap   total 324608K, used 156679K [0x0000000080000000, 0x0000000100000000)
  region size 1024K, 7 young (7168K), 7 survivors (7168K)
 Metaspace       used 146222K, capacity 149440K, committed 150440K, reserved 1181696K
  class space    used 17606K, capacity 18830K, committed 19200K, reserved 1048576K
}
Event: 2909.937 GC heap before
{Heap before GC invocations=95 (full 0):
 garbage-first heap   total 324608K, used 270343K [0x0000000080000000, 0x0000000100000000)
  region size 1024K, 119 young (121856K), 7 survivors (7168K)
 Metaspace       used 153595K, capacity 157695K, committed 157864K, reserved 1187840K
  class space    used 18866K, capacity 20449K, committed 20480K, reserved 1048576K
}
Event: 2909.953 GC heap after
{Heap after GC invocations=96 (full 0):
 garbage-first heap   total 324608K, used 158953K [0x0000000080000000, 0x0000000100000000)
  region size 1024K, 9 young (9216K), 9 survivors (9216K)
 Metaspace       used 153595K, capacity 157695K, committed 157864K, reserved 1187840K
  class space    used 18866K, capacity 20449K, committed 20480K, reserved 1048576K
}
Event: 2910.536 GC heap before
{Heap before GC invocations=96 (full 0):
 garbage-first heap   total 324608K, used 272617K [0x0000000080000000, 0x0000000100000000)
  region size 1024K, 121 young (123904K), 9 survivors (9216K)
 Metaspace       used 154281K, capacity 158482K, committed 158760K, reserved 1187840K
  class space    used 18987K, capacity 20580K, committed 20608K, reserved 1048576K
}
Event: 2910.549 GC heap after
{Heap after GC invocations=97 (full 0):
 garbage-first heap   total 324608K, used 159689K [0x0000000080000000, 0x0000000100000000)
  region size 1024K, 10 young (10240K), 10 survivors (10240K)
 Metaspace       used 154281K, capacity 158482K, committed 158760K, reserved 1187840K
  class space    used 18987K, capacity 20580K, committed 20608K, reserved 1048576K
}
Event: 2911.362 GC heap before
{Heap before GC invocations=97 (full 0):
 garbage-first heap   total 324608K, used 273353K [0x0000000080000000, 0x0000000100000000)
  region size 1024K, 122 young (124928K), 10 survivors (10240K)
 Metaspace       used 154620K, capacity 158818K, committed 159016K, reserved 1187840K
  class space    used 19002K, capacity 20600K, committed 20608K, reserved 1048576K
}
Event: 2911.653 GC heap after
{Heap after GC invocations=98 (full 0):
 garbage-first heap   total 324608K, used 158701K [0x0000000080000000, 0x0000000100000000)
  region size 1024K, 5 young (5120K), 5 survivors (5120K)
 Metaspace       used 154620K, capacity 158818K, committed 159016K, reserved 1187840K
  class space    used 19002K, capacity 20600K, committed 20608K, reserved 1048576K
}
Event: 2913.384 GC heap before
{Heap before GC invocations=98 (full 0):
 garbage-first heap   total 324608K, used 275437K [0x0000000080000000, 0x0000000100000000)
  region size 1024K, 120 young (122880K), 5 survivors (5120K)
 Metaspace       used 155241K, capacity 159453K, committed 159528K, reserved 1187840K
  class space    used 19012K, capacity 20604K, committed 20608K, reserved 1048576K
}
Event: 2913.472 GC heap after
{Heap after GC invocations=99 (full 0):
 garbage-first heap   total 324608K, used 158794K [0x0000000080000000, 0x0000000100000000)
  region size 1024K, 5 young (5120K), 5 survivors (5120K)
 Metaspace       used 155241K, capacity 159453K, committed 159528K, reserved 1187840K
  class space    used 19012K, capacity 20604K, committed 20608K, reserved 1048576K
}
Event: 2915.256 GC heap before
{Heap before GC invocations=99 (full 0):
 garbage-first heap   total 324608K, used 278602K [0x0000000080000000, 0x0000000100000000)
  region size 1024K, 121 young (123904K), 5 survivors (5120K)
 Metaspace       used 155480K, capacity 159711K, committed 159912K, reserved 1187840K
  class space    used 19018K, capacity 20640K, committed 20736K, reserved 1048576K
}
Event: 2915.853 GC heap after
{Heap after GC invocations=100 (full 0):
 garbage-first heap   total 324608K, used 169695K [0x0000000080000000, 0x0000000100000000)
  region size 1024K, 15 young (15360K), 15 survivors (15360K)
 Metaspace       used 155480K, capacity 159711K, committed 159912K, reserved 1187840K
  class space    used 19018K, capacity 20640K, committed 20736K, reserved 1048576K
}
Event: 2915.883 GC heap before
{Heap before GC invocations=100 (full 0):
 garbage-first heap   total 324608K, used 170719K [0x0000000080000000, 0x0000000100000000)
  region size 1024K, 16 young (16384K), 15 survivors (15360K)
 Metaspace       used 155480K, capacity 159711K, committed 159912K, reserved 1187840K
  class space    used 19018K, capacity 20640K, committed 20736K, reserved 1048576K
}
Event: 2917.727 GC heap after
{Heap after GC invocations=101 (full 0):
 garbage-first heap   total 324608K, used 170767K [0x0000000080000000, 0x0000000100000000)
  region size 1024K, 2 young (2048K), 2 survivors (2048K)
 Metaspace       used 155480K, capacity 159711K, committed 159912K, reserved 1187840K
  class space    used 19018K, capacity 20640K, committed 20736K, reserved 1048576K
}
Event: 2918.035 GC heap before
{Heap before GC invocations=101 (full 0):
 garbage-first heap   total 324608K, used 191247K [0x0000000080000000, 0x0000000100000000)
  region size 1024K, 23 young (23552K), 2 survivors (2048K)
 Metaspace       used 155480K, capacity 159711K, committed 159912K, reserved 1187840K
  class space    used 19018K, capacity 20640K, committed 20736K, reserved 1048576K
}

